app/build/intermediates/manifest_merge_blame_file/release/processReleaseMainManifest/manifest-merger-blame-release-report.txt
1<?xml version="1.0" encoding="utf-8"?>
2<manifest xmlns:android="http://schemas.android.com/apk/res/android"
3    package="com.huangder.lumibooks"
4    android:versionCode="5"
5    android:versionName="1.0.04" >
6
7    <uses-sdk
8        android:minSdkVersion="26"
9        android:targetSdkVersion="35" />
10
11    <!-- 存储权限 -->
12    <uses-permission
12-->src\main\AndroidManifest.xml:6:5-7:38
13        android:name="android.permission.READ_EXTERNAL_STORAGE"
13-->src\main\AndroidManifest.xml:6:22-77
14        android:maxSdkVersion="32" />
14-->src\main\AndroidManifest.xml:7:9-35
15    <uses-permission android:name="android.permission.READ_MEDIA_IMAGES" />
15-->src\main\AndroidManifest.xml:8:5-76
15-->src\main\AndroidManifest.xml:8:22-73
16
17    <!-- 网络权限（仅用于检查更新） -->
18    <uses-permission android:name="android.permission.INTERNET" />
18-->src\main\AndroidManifest.xml:11:5-67
18-->src\main\AndroidManifest.xml:11:22-64
19    <uses-permission android:name="android.permission.ACCESS_NETWORK_STATE" />
19-->src\main\AndroidManifest.xml:12:5-79
19-->src\main\AndroidManifest.xml:12:22-76
20
21    <!-- 语音听书后台播放 -->
22    <uses-permission android:name="android.permission.FOREGROUND_SERVICE" />
22-->src\main\AndroidManifest.xml:15:5-77
22-->src\main\AndroidManifest.xml:15:22-74
23    <uses-permission android:name="android.permission.FOREGROUND_SERVICE_MEDIA_PLAYBACK" />
23-->src\main\AndroidManifest.xml:16:5-92
23-->src\main\AndroidManifest.xml:16:22-89
24    <uses-permission android:name="android.permission.POST_NOTIFICATIONS" />
24-->src\main\AndroidManifest.xml:17:5-77
24-->src\main\AndroidManifest.xml:17:22-74
25
26    <!-- Android 11+ 允许 TextToSpeech 发现并绑定系统语音引擎。 -->
27    <queries>
27-->src\main\AndroidManifest.xml:20:5-24:15
28        <intent>
28-->src\main\AndroidManifest.xml:21:9-23:18
29            <action android:name="android.intent.action.TTS_SERVICE" />
29-->src\main\AndroidManifest.xml:22:13-72
29-->src\main\AndroidManifest.xml:22:21-69
30        </intent>
31    </queries>
32
33    <permission
33-->[androidx.core:core:1.15.0] AndroidManifest.xml:22:5-24:47
34        android:name="com.huangder.lumibooks.DYNAMIC_RECEIVER_NOT_EXPORTED_PERMISSION"
34-->[androidx.core:core:1.15.0] AndroidManifest.xml:23:9-81
35        android:protectionLevel="signature" />
35-->[androidx.core:core:1.15.0] AndroidManifest.xml:24:9-44
36
37    <uses-permission android:name="com.huangder.lumibooks.DYNAMIC_RECEIVER_NOT_EXPORTED_PERMISSION" />
37-->[androidx.core:core:1.15.0] AndroidManifest.xml:26:5-97
37-->[androidx.core:core:1.15.0] AndroidManifest.xml:26:22-94
38
39    <application
39-->src\main\AndroidManifest.xml:26:5-134:19
40        android:name="com.huangder.lumibooks.EBookReaderApp"
40-->src\main\AndroidManifest.xml:27:9-39
41        android:allowBackup="true"
41-->src\main\AndroidManifest.xml:28:9-35
42        android:appComponentFactory="androidx.core.app.CoreComponentFactory"
42-->[androidx.core:core:1.15.0] AndroidManifest.xml:28:18-86
43        android:extractNativeLibs="false"
44        android:icon="@mipmap/ic_launcher"
44-->src\main\AndroidManifest.xml:29:9-43
45        android:label="@string/app_name"
45-->src\main\AndroidManifest.xml:30:9-41
46        android:supportsRtl="true"
46-->src\main\AndroidManifest.xml:31:9-35
47        android:theme="@style/Theme.EBookReader" >
47-->src\main\AndroidManifest.xml:32:9-49
48        <activity
48-->src\main\AndroidManifest.xml:35:9-45:20
49            android:name="com.huangder.lumibooks.ui.welcome.WelcomeActivity"
49-->src\main\AndroidManifest.xml:36:13-55
50            android:configChanges="orientation|screenSize|screenLayout|keyboardHidden|mnc|colorMode|density|fontScale|fontWeightAdjustment|keyboard|layoutDirection|locale|mcc|navigation|smallestScreenSize|touchscreen|uiMode"
50-->src\main\AndroidManifest.xml:38:13-225
51            android:exported="true"
51-->src\main\AndroidManifest.xml:37:13-36
52            android:theme="@style/Theme.EBookReader"
52-->src\main\AndroidManifest.xml:39:13-53
53            android:windowSoftInputMode="adjustResize" >
53-->src\main\AndroidManifest.xml:40:13-55
54            <intent-filter>
54-->src\main\AndroidManifest.xml:41:13-44:29
55                <action android:name="android.intent.action.MAIN" />
55-->src\main\AndroidManifest.xml:42:17-69
55-->src\main\AndroidManifest.xml:42:25-66
56
57                <category android:name="android.intent.category.LAUNCHER" />
57-->src\main\AndroidManifest.xml:43:17-77
57-->src\main\AndroidManifest.xml:43:27-74
58            </intent-filter>
59        </activity>
60        <activity
60-->src\main\AndroidManifest.xml:47:9-81:20
61            android:name="com.huangder.lumibooks.MainActivity"
61-->src\main\AndroidManifest.xml:48:13-41
62            android:configChanges="orientation|screenSize|screenLayout|keyboardHidden|mnc|colorMode|density|fontScale|fontWeightAdjustment|keyboard|layoutDirection|locale|mcc|navigation|smallestScreenSize|touchscreen|uiMode"
62-->src\main\AndroidManifest.xml:51:13-225
63            android:exported="true"
63-->src\main\AndroidManifest.xml:49:13-36
64            android:launchMode="singleTask"
64-->src\main\AndroidManifest.xml:50:13-44
65            android:theme="@style/Theme.EBookReader"
65-->src\main\AndroidManifest.xml:52:13-53
66            android:windowSoftInputMode="adjustResize" >
66-->src\main\AndroidManifest.xml:53:13-55
67
68            <!-- PDF 文件关联：从文件管理器"打开方式"导入 -->
69            <intent-filter>
69-->src\main\AndroidManifest.xml:56:13-62:29
70                <action android:name="android.intent.action.VIEW" />
70-->src\main\AndroidManifest.xml:57:17-69
70-->src\main\AndroidManifest.xml:57:25-66
71
72                <category android:name="android.intent.category.DEFAULT" />
72-->src\main\AndroidManifest.xml:58:17-76
72-->src\main\AndroidManifest.xml:58:27-73
73
74                <data android:scheme="content" />
74-->src\main\AndroidManifest.xml:59:17-50
74-->src\main\AndroidManifest.xml:59:23-47
75                <data android:scheme="file" />
75-->src\main\AndroidManifest.xml:59:17-50
75-->src\main\AndroidManifest.xml:59:23-47
76                <data android:mimeType="application/pdf" />
76-->src\main\AndroidManifest.xml:59:17-50
76-->src\main\AndroidManifest.xml:61:23-57
77            </intent-filter>
78
79            <!-- EPUB 文件关联 -->
80            <intent-filter>
80-->src\main\AndroidManifest.xml:65:13-71:29
81                <action android:name="android.intent.action.VIEW" />
81-->src\main\AndroidManifest.xml:57:17-69
81-->src\main\AndroidManifest.xml:57:25-66
82
83                <category android:name="android.intent.category.DEFAULT" />
83-->src\main\AndroidManifest.xml:58:17-76
83-->src\main\AndroidManifest.xml:58:27-73
84
85                <data android:scheme="content" />
85-->src\main\AndroidManifest.xml:59:17-50
85-->src\main\AndroidManifest.xml:59:23-47
86                <data android:scheme="file" />
86-->src\main\AndroidManifest.xml:59:17-50
86-->src\main\AndroidManifest.xml:59:23-47
87                <data android:mimeType="application/epub+zip" />
87-->src\main\AndroidManifest.xml:59:17-50
87-->src\main\AndroidManifest.xml:61:23-57
88            </intent-filter>
89
90            <!-- TXT 文件关联 -->
91            <intent-filter>
91-->src\main\AndroidManifest.xml:74:13-80:29
92                <action android:name="android.intent.action.VIEW" />
92-->src\main\AndroidManifest.xml:57:17-69
92-->src\main\AndroidManifest.xml:57:25-66
93
94                <category android:name="android.intent.category.DEFAULT" />
94-->src\main\AndroidManifest.xml:58:17-76
94-->src\main\AndroidManifest.xml:58:27-73
95
96                <data android:scheme="content" />
96-->src\main\AndroidManifest.xml:59:17-50
96-->src\main\AndroidManifest.xml:59:23-47
97                <data android:scheme="file" />
97-->src\main\AndroidManifest.xml:59:17-50
97-->src\main\AndroidManifest.xml:59:23-47
98                <data android:mimeType="text/plain" />
98-->src\main\AndroidManifest.xml:59:17-50
98-->src\main\AndroidManifest.xml:61:23-57
99            </intent-filter>
100        </activity>
101        <activity
101-->src\main\AndroidManifest.xml:83:9-87:58
102            android:name="com.huangder.lumibooks.ui.settings.SettingsActivity"
102-->src\main\AndroidManifest.xml:84:13-57
103            android:configChanges="orientation|screenSize|screenLayout|keyboardHidden|mnc|colorMode|density|fontScale|fontWeightAdjustment|keyboard|layoutDirection|locale|mcc|navigation|smallestScreenSize|touchscreen|uiMode"
103-->src\main\AndroidManifest.xml:85:13-225
104            android:theme="@style/Theme.EBookReader"
104-->src\main\AndroidManifest.xml:86:13-53
105            android:windowSoftInputMode="adjustResize" />
105-->src\main\AndroidManifest.xml:87:13-55
106        <activity
106-->src\main\AndroidManifest.xml:89:9-93:58
107            android:name="com.huangder.lumibooks.ui.settings.DetailActivity"
107-->src\main\AndroidManifest.xml:90:13-55
108            android:configChanges="orientation|screenSize|screenLayout|keyboardHidden|mnc|colorMode|density|fontScale|fontWeightAdjustment|keyboard|layoutDirection|locale|mcc|navigation|smallestScreenSize|touchscreen|uiMode"
108-->src\main\AndroidManifest.xml:91:13-225
109            android:theme="@style/Theme.EBookReader"
109-->src\main\AndroidManifest.xml:92:13-53
110            android:windowSoftInputMode="adjustResize" />
110-->src\main\AndroidManifest.xml:93:13-55
111        <activity
111-->src\main\AndroidManifest.xml:95:9-99:58
112            android:name="com.huangder.lumibooks.ui.settings.WebViewActivity"
112-->src\main\AndroidManifest.xml:96:13-56
113            android:configChanges="orientation|screenSize|screenLayout|keyboardHidden|mnc|colorMode|density|fontScale|fontWeightAdjustment|keyboard|layoutDirection|locale|mcc|navigation|smallestScreenSize|touchscreen|uiMode"
113-->src\main\AndroidManifest.xml:97:13-225
114            android:theme="@style/Theme.EBookReader"
114-->src\main\AndroidManifest.xml:98:13-53
115            android:windowSoftInputMode="adjustResize" />
115-->src\main\AndroidManifest.xml:99:13-55
116        <activity
116-->src\main\AndroidManifest.xml:101:9-105:58
117            android:name="com.huangder.lumibooks.ui.settings.SponsorActivity"
117-->src\main\AndroidManifest.xml:102:13-56
118            android:configChanges="orientation|screenSize|screenLayout|keyboardHidden|mnc|colorMode|density|fontScale|fontWeightAdjustment|keyboard|layoutDirection|locale|mcc|navigation|smallestScreenSize|touchscreen|uiMode"
118-->src\main\AndroidManifest.xml:103:13-225
119            android:theme="@style/Theme.EBookReader"
119-->src\main\AndroidManifest.xml:104:13-53
120            android:windowSoftInputMode="adjustResize" />
120-->src\main\AndroidManifest.xml:105:13-55
121        <activity
121-->src\main\AndroidManifest.xml:107:9-111:58
122            android:name="com.huangder.lumibooks.ui.settings.FeedbackActivity"
122-->src\main\AndroidManifest.xml:108:13-57
123            android:configChanges="orientation|screenSize|screenLayout|keyboardHidden|mnc|colorMode|density|fontScale|fontWeightAdjustment|keyboard|layoutDirection|locale|mcc|navigation|smallestScreenSize|touchscreen|uiMode"
123-->src\main\AndroidManifest.xml:109:13-225
124            android:theme="@style/Theme.EBookReader"
124-->src\main\AndroidManifest.xml:110:13-53
125            android:windowSoftInputMode="adjustResize" />
125-->src\main\AndroidManifest.xml:111:13-55
126        <activity
126-->src\main\AndroidManifest.xml:113:9-117:58
127            android:name="com.huangder.lumibooks.ui.bookshelf.BookNotesActivity"
127-->src\main\AndroidManifest.xml:114:13-59
128            android:configChanges="orientation|screenSize|screenLayout|keyboardHidden|mnc|colorMode|density|fontScale|fontWeightAdjustment|keyboard|layoutDirection|locale|mcc|navigation|smallestScreenSize|touchscreen|uiMode"
128-->src\main\AndroidManifest.xml:115:13-225
129            android:theme="@style/Theme.EBookReader"
129-->src\main\AndroidManifest.xml:116:13-53
130            android:windowSoftInputMode="adjustResize" />
130-->src\main\AndroidManifest.xml:117:13-55
131
132        <service
132-->src\main\AndroidManifest.xml:119:9-122:61
133            android:name="com.huangder.lumibooks.service.TtsForegroundService"
133-->src\main\AndroidManifest.xml:120:13-57
134            android:exported="false"
134-->src\main\AndroidManifest.xml:121:13-37
135            android:foregroundServiceType="mediaPlayback" />
135-->src\main\AndroidManifest.xml:122:13-58
136
137        <!-- 文件提供者 -->
138        <provider
139            android:name="androidx.core.content.FileProvider"
139-->src\main\AndroidManifest.xml:126:13-62
140            android:authorities="com.huangder.lumibooks.fileprovider"
140-->src\main\AndroidManifest.xml:127:13-64
141            android:exported="false"
141-->src\main\AndroidManifest.xml:128:13-37
142            android:grantUriPermissions="true" >
142-->src\main\AndroidManifest.xml:129:13-47
143            <meta-data
143-->src\main\AndroidManifest.xml:130:13-132:54
144                android:name="android.support.FILE_PROVIDER_PATHS"
144-->src\main\AndroidManifest.xml:131:17-67
145                android:resource="@xml/file_paths" />
145-->src\main\AndroidManifest.xml:132:17-51
146        </provider>
147        <provider
147-->[androidx.emoji2:emoji2:1.3.0] AndroidManifest.xml:24:9-32:20
148            android:name="androidx.startup.InitializationProvider"
148-->[androidx.emoji2:emoji2:1.3.0] AndroidManifest.xml:25:13-67
149            android:authorities="com.huangder.lumibooks.androidx-startup"
149-->[androidx.emoji2:emoji2:1.3.0] AndroidManifest.xml:26:13-68
150            android:exported="false" >
150-->[androidx.emoji2:emoji2:1.3.0] AndroidManifest.xml:27:13-37
151            <meta-data
151-->[androidx.emoji2:emoji2:1.3.0] AndroidManifest.xml:29:13-31:52
152                android:name="androidx.emoji2.text.EmojiCompatInitializer"
152-->[androidx.emoji2:emoji2:1.3.0] AndroidManifest.xml:30:17-75
153                android:value="androidx.startup" />
153-->[androidx.emoji2:emoji2:1.3.0] AndroidManifest.xml:31:17-49
154            <meta-data
154-->[androidx.lifecycle:lifecycle-process:2.8.7] AndroidManifest.xml:29:13-31:52
155                android:name="androidx.lifecycle.ProcessLifecycleInitializer"
155-->[androidx.lifecycle:lifecycle-process:2.8.7] AndroidManifest.xml:30:17-78
156                android:value="androidx.startup" />
156-->[androidx.lifecycle:lifecycle-process:2.8.7] AndroidManifest.xml:31:17-49
157            <meta-data
157-->[androidx.profileinstaller:profileinstaller:1.3.1] AndroidManifest.xml:29:13-31:52
158                android:name="androidx.profileinstaller.ProfileInstallerInitializer"
158-->[androidx.profileinstaller:profileinstaller:1.3.1] AndroidManifest.xml:30:17-85
159                android:value="androidx.startup" />
159-->[androidx.profileinstaller:profileinstaller:1.3.1] AndroidManifest.xml:31:17-49
160        </provider>
161
162        <service
162-->[androidx.room:room-runtime:2.6.1] AndroidManifest.xml:24:9-28:63
163            android:name="androidx.room.MultiInstanceInvalidationService"
163-->[androidx.room:room-runtime:2.6.1] AndroidManifest.xml:25:13-74
164            android:directBootAware="true"
164-->[androidx.room:room-runtime:2.6.1] AndroidManifest.xml:26:13-43
165            android:exported="false" />
165-->[androidx.room:room-runtime:2.6.1] AndroidManifest.xml:27:13-37
166
167        <receiver
167-->[androidx.profileinstaller:profileinstaller:1.3.1] AndroidManifest.xml:34:9-52:20
168            android:name="androidx.profileinstaller.ProfileInstallReceiver"
168-->[androidx.profileinstaller:profileinstaller:1.3.1] AndroidManifest.xml:35:13-76
169            android:directBootAware="false"
169-->[androidx.profileinstaller:profileinstaller:1.3.1] AndroidManifest.xml:36:13-44
170            android:enabled="true"
170-->[androidx.profileinstaller:profileinstaller:1.3.1] AndroidManifest.xml:37:13-35
171            android:exported="true"
171-->[androidx.profileinstaller:profileinstaller:1.3.1] AndroidManifest.xml:38:13-36
172            android:permission="android.permission.DUMP" >
172-->[androidx.profileinstaller:profileinstaller:1.3.1] AndroidManifest.xml:39:13-57
173            <intent-filter>
173-->[androidx.profileinstaller:profileinstaller:1.3.1] AndroidManifest.xml:40:13-42:29
174                <action android:name="androidx.profileinstaller.action.INSTALL_PROFILE" />
174-->[androidx.profileinstaller:profileinstaller:1.3.1] AndroidManifest.xml:41:17-91
174-->[androidx.profileinstaller:profileinstaller:1.3.1] AndroidManifest.xml:41:25-88
175            </intent-filter>
176            <intent-filter>
176-->[androidx.profileinstaller:profileinstaller:1.3.1] AndroidManifest.xml:43:13-45:29
177                <action android:name="androidx.profileinstaller.action.SKIP_FILE" />
177-->[androidx.profileinstaller:profileinstaller:1.3.1] AndroidManifest.xml:44:17-85
177-->[androidx.profileinstaller:profileinstaller:1.3.1] AndroidManifest.xml:44:25-82
178            </intent-filter>
179            <intent-filter>
179-->[androidx.profileinstaller:profileinstaller:1.3.1] AndroidManifest.xml:46:13-48:29
180                <action android:name="androidx.profileinstaller.action.SAVE_PROFILE" />
180-->[androidx.profileinstaller:profileinstaller:1.3.1] AndroidManifest.xml:47:17-88
180-->[androidx.profileinstaller:profileinstaller:1.3.1] AndroidManifest.xml:47:25-85
181            </intent-filter>
182            <intent-filter>
182-->[androidx.profileinstaller:profileinstaller:1.3.1] AndroidManifest.xml:49:13-51:29
183                <action android:name="androidx.profileinstaller.action.BENCHMARK_OPERATION" />
183-->[androidx.profileinstaller:profileinstaller:1.3.1] AndroidManifest.xml:50:17-95
183-->[androidx.profileinstaller:profileinstaller:1.3.1] AndroidManifest.xml:50:25-92
184            </intent-filter>
185        </receiver>
186    </application>
187
188</manifest>